This is pdfTeX, Version 3.14159265-2.6-1.40.19 (TeX Live 2018) (preloaded format=pdflatex 2018.12.13)  2 SEP 2020 14:19
entering extended mode
 restricted \write18 enabled.
 file:line:error style messages enabled.
 %&-line parsing enabled.
**/Users/diogocezar/phd/phd-machine-learning/lab3/report/report.tex
(/Users/diogocezar/phd/phd-machine-learning/lab3/report/report.tex
LaTeX2e <2018-04-01> patch level 2
Babel <3.18> and hyphenation patterns for 84 language(s) loaded.
(/usr/local/texlive/2018/texmf-dist/tex/latex/base/article.cls
Document Class: article 2014/09/29 v1.4h Standard LaTeX document class
(/usr/local/texlive/2018/texmf-dist/tex/latex/base/size12.clo
File: size12.clo 2014/09/29 v1.4h Standard LaTeX file (size option)
)
\c@part=\count80
\c@section=\count81
\c@subsection=\count82
\c@subsubsection=\count83
\c@paragraph=\count84
\c@subparagraph=\count85
\c@figure=\count86
\c@table=\count87
\abovecaptionskip=\skip41
\belowcaptionskip=\skip42
\bibindent=\dimen102
) (/Users/diogocezar/phd/phd-machine-learning/lab3/report/sbc-template.sty
Package: sbc-template 2001/06/09
 (/usr/local/texlive/2018/texmf-dist/tex/latex/geometry/geometry.sty
Package: geometry 2018/03/24 v5.7 Page Geometry
 (/usr/local/texlive/2018/texmf-dist/tex/latex/graphics/keyval.sty
Package: keyval 2014/10/28 v1.15 key=value parser (DPC)
\KV@toks@=\toks14
) (/usr/local/texlive/2018/texmf-dist/tex/generic/oberdiek/ifpdf.sty
Package: ifpdf 2017/03/15 v3.2 Provides the ifpdf switch
) (/usr/local/texlive/2018/texmf-dist/tex/generic/oberdiek/ifvtex.sty
Package: ifvtex 2016/05/16 v1.6 Detect VTeX and its facilities (HO)
Package ifvtex Info: VTeX not detected.
) (/usr/local/texlive/2018/texmf-dist/tex/generic/ifxetex/ifxetex.sty
Package: ifxetex 2010/09/12 v0.6 Provides ifxetex conditional
)
\Gm@cnth=\count88
\Gm@cntv=\count89
\c@Gm@tempcnt=\count90
\Gm@bindingoffset=\dimen103
\Gm@wd@mp=\dimen104
\Gm@odd@mp=\dimen105
\Gm@even@mp=\dimen106
\Gm@layoutwidth=\dimen107
\Gm@layoutheight=\dimen108
\Gm@layouthoffset=\dimen109
\Gm@layoutvoffset=\dimen110
\Gm@dimlist=\toks15
) (/usr/local/texlive/2018/texmf-dist/tex/latex/caption/caption.sty
Package: caption 2016/02/21 v3.3-144 Customizing captions (AR)
 (/usr/local/texlive/2018/texmf-dist/tex/latex/caption/caption3.sty
Package: caption3 2016/05/22 v1.7-166 caption3 kernel (AR)
Package caption3 Info: TeX engine: e-TeX on input line 67.
\captionmargin=\dimen111
\captionmargin@=\dimen112
\captionwidth=\dimen113
\caption@tempdima=\dimen114
\caption@indent=\dimen115
\caption@parindent=\dimen116
\caption@hangindent=\dimen117
)
\c@ContinuedFloat=\count91
) (/usr/local/texlive/2018/texmf-dist/tex/latex/psnfss/times.sty
Package: times 2005/04/12 PSNFSS-v9.2a (SPQR) 
)
\c@instn=\count92
 (/usr/local/texlive/2018/texmf-dist/tex/latex/titlesec/titlesec.sty
Package: titlesec 2016/03/21 v2.10.2 Sectioning titles
\ttl@box=\box26
\beforetitleunit=\skip43
\aftertitleunit=\skip44
\ttl@plus=\dimen118
\ttl@minus=\dimen119
\ttl@toksa=\toks16
\titlewidth=\dimen120
\titlewidthlast=\dimen121
\titlewidthfirst=\dimen122
) (/usr/local/texlive/2018/texmf-dist/tex/latex/etoolbox/etoolbox.sty
Package: etoolbox 2018/02/11 v2.5e e-TeX tools for LaTeX (JAW)
\etb@tempcnta=\count93
)) (/usr/local/texlive/2018/texmf-dist/tex/latex/graphics/graphicx.sty
Package: graphicx 2017/06/01 v1.1a Enhanced LaTeX Graphics (DPC,SPQR)
 (/usr/local/texlive/2018/texmf-dist/tex/latex/graphics/graphics.sty
Package: graphics 2017/06/25 v1.2c Standard LaTeX Graphics (DPC,SPQR)
 (/usr/local/texlive/2018/texmf-dist/tex/latex/graphics/trig.sty
Package: trig 2016/01/03 v1.10 sin cos tan (DPC)
) (/usr/local/texlive/2018/texmf-dist/tex/latex/graphics-cfg/graphics.cfg
File: graphics.cfg 2016/06/04 v1.11 sample graphics configuration
)
Package graphics Info: Driver file: pdftex.def on input line 99.
 (/usr/local/texlive/2018/texmf-dist/tex/latex/graphics-def/pdftex.def
File: pdftex.def 2018/01/08 v1.0l Graphics/color driver for pdftex
))
\Gin@req@height=\dimen123
\Gin@req@width=\dimen124
) (/usr/local/texlive/2018/texmf-dist/tex/latex/url/url.sty
\Urlmuskip=\muskip10
Package: url 2013/09/16  ver 3.4  Verb mode for urls, etc.
) (/usr/local/texlive/2018/texmf-dist/tex/latex/base/inputenc.sty
Package: inputenc 2018/04/06 v1.3b Input encoding file
\inpenc@prehook=\toks17
\inpenc@posthook=\toks18
) (/usr/local/texlive/2018/texmf-dist/tex/generic/babel/babel.sty
Package: babel 2018/02/14 3.18 The Babel package
 (/usr/local/texlive/2018/texmf-dist/tex/generic/babel/switch.def
File: switch.def 2018/02/14 3.18 Babel switching mechanism
) (/usr/local/texlive/2018/texmf-dist/tex/generic/babel-portuges/portuges.ldf
Language: portuges 2008/03/18 v1.2q Portuguese support from the babel system
 (/usr/local/texlive/2018/texmf-dist/tex/generic/babel/babel.def
File: babel.def 2018/02/14 3.18 Babel common definitions
\babel@savecnt=\count94
\U@D=\dimen125
 (/usr/local/texlive/2018/texmf-dist/tex/generic/babel/txtbabel.def)
\bbl@dirlevel=\count95
)
\l@brazil = a dialect from \language\l@portuges 
Package babel Info: Making " an active character on input line 145.
)) (/usr/local/texlive/2018/texmf-dist/tex/latex/graphics/color.sty
Package: color 2016/07/10 v1.1e Standard LaTeX Color (DPC)
 (/usr/local/texlive/2018/texmf-dist/tex/latex/graphics-cfg/color.cfg
File: color.cfg 2016/01/02 v1.6 sample color configuration
)
Package color Info: Driver file: pdftex.def on input line 147.
) (/usr/local/texlive/2018/texmf-dist/tex/latex/listings/listings.sty
\lst@mode=\count96
\lst@gtempboxa=\box27
\lst@token=\toks19
\lst@length=\count97
\lst@currlwidth=\dimen126
\lst@column=\count98
\lst@pos=\count99
\lst@lostspace=\dimen127
\lst@width=\dimen128
\lst@newlines=\count100
\lst@lineno=\count101
\lst@maxwidth=\dimen129
 (/usr/local/texlive/2018/texmf-dist/tex/latex/listings/lstmisc.sty
File: lstmisc.sty 2015/06/04 1.6 (Carsten Heinz)
\c@lstnumber=\count102
\lst@skipnumbers=\count103
\lst@framebox=\box28
) (/usr/local/texlive/2018/texmf-dist/tex/latex/listings/listings.cfg
File: listings.cfg 2015/06/04 1.6 listings configuration
))
Package: listings 2015/06/04 1.6 (Carsten Heinz)
 (/Users/diogocezar/phd/phd-machine-learning/lab3/report/report.aux

LaTeX Warning: Label `fig:experiment_lenet5_aug_128_accuracy' multiply defined.


LaTeX Warning: Label `fig:experiment_lenet5_aug_128_loss' multiply defined.


LaTeX Warning: Label `fig:experiment_lenet5_aug_128_confusion_matrix' multiply defined.

)
\openout1 = `report.aux'.

LaTeX Font Info:    Checking defaults for OML/cmm/m/it on input line 42.
LaTeX Font Info:    ... okay on input line 42.
LaTeX Font Info:    Checking defaults for T1/cmr/m/n on input line 42.
LaTeX Font Info:    ... okay on input line 42.
LaTeX Font Info:    Checking defaults for OT1/cmr/m/n on input line 42.
LaTeX Font Info:    ... okay on input line 42.
LaTeX Font Info:    Checking defaults for OMS/cmsy/m/n on input line 42.
LaTeX Font Info:    ... okay on input line 42.
LaTeX Font Info:    Checking defaults for OMX/cmex/m/n on input line 42.
LaTeX Font Info:    ... okay on input line 42.
LaTeX Font Info:    Checking defaults for U/cmr/m/n on input line 42.
LaTeX Font Info:    ... okay on input line 42.
LaTeX Font Info:    Try loading font information for OT1+ptm on input line 42.
 (/usr/local/texlive/2018/texmf-dist/tex/latex/psnfss/ot1ptm.fd
File: ot1ptm.fd 2001/06/04 font definitions for OT1/ptm.
)
*geometry* driver: auto-detecting
*geometry* detected driver: pdftex
*geometry* verbose mode - [ preamble ] result:
* driver: pdftex
* paper: a4paper
* layout: <same size as paper>
* layoutoffset:(h,v)=(0.0pt,0.0pt)
* modes: 
* h-part:(L,W,R)=(85.35826pt, 426.79135pt, 85.35826pt)
* v-part:(T,H,B)=(99.58464pt, 674.33032pt, 71.13188pt)
* \paperwidth=597.50787pt
* \paperheight=845.04684pt
* \textwidth=426.79135pt
* \textheight=674.33032pt
* \oddsidemargin=13.08827pt
* \evensidemargin=13.08827pt
* \topmargin=-9.68535pt
* \headheight=12.0pt
* \headsep=25.0pt
* \topskip=12.0pt
* \footskip=30.0pt
* \marginparwidth=44.0pt
* \marginparsep=10.0pt
* \columnsep=10.0pt
* \skip\footins=10.8pt plus 4.0pt minus 2.0pt
* \hoffset=0.0pt
* \voffset=0.0pt
* \mag=1000
* \@twocolumnfalse
* \@twosidefalse
* \@mparswitchfalse
* \@reversemarginfalse
* (1in=72.27pt=25.4mm, 1cm=28.453pt)

Package caption Info: Begin \AtBeginDocument code.
Package caption Info: listings package is loaded.
Package caption Info: End \AtBeginDocument code.
(/usr/local/texlive/2018/texmf-dist/tex/context/base/mkii/supp-pdf.mkii
[Loading MPS to PDF converter (version 2006.09.02).]
\scratchcounter=\count104
\scratchdimen=\dimen130
\scratchbox=\box29
\nofMPsegments=\count105
\nofMParguments=\count106
\everyMPshowfont=\toks20
\MPscratchCnt=\count107
\MPscratchDim=\dimen131
\MPnumerator=\count108
\makeMPintoPDFobject=\count109
\everyMPtoPDFconversion=\toks21
) (/usr/local/texlive/2018/texmf-dist/tex/latex/oberdiek/epstopdf-base.sty
Package: epstopdf-base 2016/05/15 v2.6 Base part for package epstopdf
 (/usr/local/texlive/2018/texmf-dist/tex/generic/oberdiek/infwarerr.sty
Package: infwarerr 2016/05/16 v1.4 Providing info/warning/error messages (HO)
) (/usr/local/texlive/2018/texmf-dist/tex/latex/oberdiek/grfext.sty
Package: grfext 2016/05/16 v1.2 Manage graphics extensions (HO)
 (/usr/local/texlive/2018/texmf-dist/tex/generic/oberdiek/kvdefinekeys.sty
Package: kvdefinekeys 2016/05/16 v1.4 Define keys (HO)
 (/usr/local/texlive/2018/texmf-dist/tex/generic/oberdiek/ltxcmds.sty
Package: ltxcmds 2016/05/16 v1.23 LaTeX kernel commands for general use (HO)
))) (/usr/local/texlive/2018/texmf-dist/tex/latex/oberdiek/kvoptions.sty
Package: kvoptions 2016/05/16 v3.12 Key value format for package options (HO)
 (/usr/local/texlive/2018/texmf-dist/tex/generic/oberdiek/kvsetkeys.sty
Package: kvsetkeys 2016/05/16 v1.17 Key value parser (HO)
 (/usr/local/texlive/2018/texmf-dist/tex/generic/oberdiek/etexcmds.sty
Package: etexcmds 2016/05/16 v1.6 Avoid name clashes with e-TeX commands (HO)
 (/usr/local/texlive/2018/texmf-dist/tex/generic/oberdiek/ifluatex.sty
Package: ifluatex 2016/05/16 v1.4 Provides the ifluatex switch (HO)
Package ifluatex Info: LuaTeX not detected.
)
Package etexcmds Info: Could not find \expanded.
(etexcmds)             That can mean that you are not using pdfTeX 1.50 or
(etexcmds)             that some package has redefined \expanded.
(etexcmds)             In the latter case, load this package earlier.
))) (/usr/local/texlive/2018/texmf-dist/tex/generic/oberdiek/pdftexcmds.sty
Package: pdftexcmds 2018/01/30 v0.27 Utility functions of pdfTeX for LuaTeX (HO)
Package pdftexcmds Info: LuaTeX not detected.
Package pdftexcmds Info: \pdf@primitive is available.
Package pdftexcmds Info: \pdf@ifprimitive is available.
Package pdftexcmds Info: \pdfdraftmode found.
)
Package epstopdf-base Info: Redefining graphics rule for `.eps' on input line 438.
Package grfext Info: Graphics extension search list:
(grfext)             [.pdf,.png,.jpg,.mps,.jpeg,.jbig2,.jb2,.PDF,.PNG,.JPG,.JPEG,.JBIG2,.JB2,.eps]
(grfext)             \AppendGraphicsExtensions on input line 456.
 (/usr/local/texlive/2018/texmf-dist/tex/latex/latexconfig/epstopdf-sys.cfg
File: epstopdf-sys.cfg 2010/07/13 v1.3 Configuration of (r)epstopdf for TeX Live
))
\c@lstlisting=\count110
LaTeX Font Info:    Font shape `OT1/ptm/bx/n' in size <16> not available
(Font)              Font shape `OT1/ptm/b/n' tried instead on input line 44.
LaTeX Font Info:    Font shape `OT1/ptm/bx/n' in size <12> not available
(Font)              Font shape `OT1/ptm/b/n' tried instead on input line 44.
LaTeX Font Info:    External font `cmex10' loaded for size
(Font)              <12> on input line 44.
LaTeX Font Info:    External font `cmex10' loaded for size
(Font)              <8> on input line 44.
LaTeX Font Info:    External font `cmex10' loaded for size
(Font)              <6> on input line 44.
LaTeX Font Info:    Try loading font information for OT1+pcr on input line 44.
 (/usr/local/texlive/2018/texmf-dist/tex/latex/psnfss/ot1pcr.fd
File: ot1pcr.fd 2001/06/04 font definitions for OT1/pcr.
)
LaTeX Font Info:    Font shape `OT1/ptm/bx/n' in size <13> not available
(Font)              Font shape `OT1/ptm/b/n' tried instead on input line 46.
<images/image_months.png, id=1, 2193.19376pt x 200.75pt>
File: images/image_months.png Graphic file (type png)
<use images/image_months.png>
Package pdftex.def Info: images/image_months.png  used on input line 52.
(pdftex.def)             Requested size: 420.0pt x 38.44308pt.
LaTeX Font Info:    Try loading font information for OT1+phv on input line 53.
 (/usr/local/texlive/2018/texmf-dist/tex/latex/psnfss/ot1phv.fd
File: ot1phv.fd 2001/06/04 scalable font definitions for OT1/phv.
)
LaTeX Font Info:    Font shape `OT1/phv/bx/n' in size <10> not available
(Font)              Font shape `OT1/phv/b/n' tried instead on input line 53.
<images/image_lenet.jpeg, id=2, 1405.25pt x 407.5225pt>
File: images/image_lenet.jpeg Graphic file (type jpg)
<use images/image_lenet.jpeg>
Package pdftex.def Info: images/image_lenet.jpeg  used on input line 77.
(pdftex.def)             Requested size: 420.0pt x 121.79753pt.
 [1

{/usr/local/texlive/2018/texmf-var/fonts/map/pdftex/updmap/pdftex.map} </Users/diogocezar/phd/phd-machine-learning/lab3/report/images/image_months.png (PNG copy)>] [2 </Users/diogocezar/phd/phd-machine-learning/lab3/report/images/image_lenet.jpeg>]
<experiments/lenet5_noaug_32/accuracy.png, id=16, 708.6475pt x 538.01pt>
File: experiments/lenet5_noaug_32/accuracy.png Graphic file (type png)
<use experiments/lenet5_noaug_32/accuracy.png>
Package pdftex.def Info: experiments/lenet5_noaug_32/accuracy.png  used on input line 128.
(pdftex.def)             Requested size: 220.65291pt x 167.52022pt.

Overfull \hbox (20.06046pt too wide) in paragraph at lines 128--129
 [][] 
 []

<experiments/lenet5_noaug_32/loss.png, id=18, 709.65125pt x 538.01pt>
File: experiments/lenet5_noaug_32/loss.png Graphic file (type png)
<use experiments/lenet5_noaug_32/loss.png>
Package pdftex.def Info: experiments/lenet5_noaug_32/loss.png  used on input line 133.
(pdftex.def)             Requested size: 220.65291pt x 167.28214pt.

Overfull \hbox (20.06046pt too wide) in paragraph at lines 133--134
 [][] 
 []

<experiments/lenet5_noaug_32/confusion_matrix.png, id=19, 571.13374pt x 565.11125pt>
File: experiments/lenet5_noaug_32/confusion_matrix.png Graphic file (type png)
<use experiments/lenet5_noaug_32/confusion_matrix.png>
Package pdftex.def Info: experiments/lenet5_noaug_32/confusion_matrix.png  used on input line 140.
(pdftex.def)             Requested size: 216.0pt x 213.71837pt.
[3 </Users/diogocezar/phd/phd-machine-learning/lab3/report/experiments/lenet5_noaug_32/accuracy.png> </Users/diogocezar/phd/phd-machine-learning/lab3/report/experiments/lenet5_noaug_32/loss.png> </Users/diogocezar/phd/phd-machine-learning/lab3/report/experiments/lenet5_noaug_32/confusion_matrix.png>]
<experiments/lenet5_noaug_64/accuracy.png, id=26, 708.6475pt x 538.01pt>
File: experiments/lenet5_noaug_64/accuracy.png Graphic file (type png)
<use experiments/lenet5_noaug_64/accuracy.png>
Package pdftex.def Info: experiments/lenet5_noaug_64/accuracy.png  used on input line 165.
(pdftex.def)             Requested size: 220.65291pt x 167.52022pt.

Overfull \hbox (20.06046pt too wide) in paragraph at lines 165--166
 [][] 
 []

<experiments/lenet5_noaug_64/loss.png, id=27, 715.67375pt x 538.01pt>
File: experiments/lenet5_noaug_64/loss.png Graphic file (type png)
<use experiments/lenet5_noaug_64/loss.png>
Package pdftex.def Info: experiments/lenet5_noaug_64/loss.png  used on input line 170.
(pdftex.def)             Requested size: 220.65291pt x 165.87013pt.

Overfull \hbox (20.06046pt too wide) in paragraph at lines 170--171
 [][] 
 []

<experiments/lenet5_noaug_64/confusion_matrix.png, id=28, 571.13374pt x 565.11125pt>
File: experiments/lenet5_noaug_64/confusion_matrix.png Graphic file (type png)
<use experiments/lenet5_noaug_64/confusion_matrix.png>
Package pdftex.def Info: experiments/lenet5_noaug_64/confusion_matrix.png  used on input line 177.
(pdftex.def)             Requested size: 216.0pt x 213.71837pt.
[4 </Users/diogocezar/phd/phd-machine-learning/lab3/report/experiments/lenet5_noaug_64/accuracy.png> </Users/diogocezar/phd/phd-machine-learning/lab3/report/experiments/lenet5_noaug_64/loss.png> </Users/diogocezar/phd/phd-machine-learning/lab3/report/experiments/lenet5_noaug_64/confusion_matrix.png>]
<experiments/lenet5_noaug_128/accuracy.png, id=35, 708.6475pt x 538.01pt>
File: experiments/lenet5_noaug_128/accuracy.png Graphic file (type png)
<use experiments/lenet5_noaug_128/accuracy.png>
Package pdftex.def Info: experiments/lenet5_noaug_128/accuracy.png  used on input line 202.
(pdftex.def)             Requested size: 220.65291pt x 167.52022pt.

Overfull \hbox (20.06046pt too wide) in paragraph at lines 202--203
 [][] 
 []

<experiments/lenet5_noaug_128/loss.png, id=36, 709.65125pt x 538.01pt>
File: experiments/lenet5_noaug_128/loss.png Graphic file (type png)
<use experiments/lenet5_noaug_128/loss.png>
Package pdftex.def Info: experiments/lenet5_noaug_128/loss.png  used on input line 207.
(pdftex.def)             Requested size: 220.65291pt x 167.28214pt.

Overfull \hbox (20.06046pt too wide) in paragraph at lines 207--208
 [][] 
 []

<experiments/lenet5_noaug_128/confusion_matrix.png, id=37, 571.13374pt x 565.11125pt>
File: experiments/lenet5_noaug_128/confusion_matrix.png Graphic file (type png)
<use experiments/lenet5_noaug_128/confusion_matrix.png>
Package pdftex.def Info: experiments/lenet5_noaug_128/confusion_matrix.png  used on input line 214.
(pdftex.def)             Requested size: 216.0pt x 213.71837pt.
[5 </Users/diogocezar/phd/phd-machine-learning/lab3/report/experiments/lenet5_noaug_128/accuracy.png> </Users/diogocezar/phd/phd-machine-learning/lab3/report/experiments/lenet5_noaug_128/loss.png> </Users/diogocezar/phd/phd-machine-learning/lab3/report/experiments/lenet5_noaug_128/confusion_matrix.png>]
<experiments/default_noaug_32/accuracy.png, id=44, 708.6475pt x 538.01pt>
File: experiments/default_noaug_32/accuracy.png Graphic file (type png)
<use experiments/default_noaug_32/accuracy.png>
Package pdftex.def Info: experiments/default_noaug_32/accuracy.png  used on input line 243.
(pdftex.def)             Requested size: 220.65291pt x 167.52022pt.

Overfull \hbox (20.06046pt too wide) in paragraph at lines 243--244
 [][] 
 []

<experiments/default_noaug_32/loss.png, id=45, 715.67375pt x 538.01pt>
File: experiments/default_noaug_32/loss.png Graphic file (type png)
<use experiments/default_noaug_32/loss.png>
Package pdftex.def Info: experiments/default_noaug_32/loss.png  used on input line 248.
(pdftex.def)             Requested size: 220.65291pt x 165.87013pt.

Overfull \hbox (20.06046pt too wide) in paragraph at lines 248--249
 [][] 
 []

<experiments/default_noaug_32/confusion_matrix.png, id=46, 571.13374pt x 565.11125pt>
File: experiments/default_noaug_32/confusion_matrix.png Graphic file (type png)
<use experiments/default_noaug_32/confusion_matrix.png>
Package pdftex.def Info: experiments/default_noaug_32/confusion_matrix.png  used on input line 255.
(pdftex.def)             Requested size: 216.0pt x 213.71837pt.
[6 </Users/diogocezar/phd/phd-machine-learning/lab3/report/experiments/default_noaug_32/accuracy.png> </Users/diogocezar/phd/phd-machine-learning/lab3/report/experiments/default_noaug_32/loss.png> </Users/diogocezar/phd/phd-machine-learning/lab3/report/experiments/default_noaug_32/confusion_matrix.png>]
<experiments/default_noaug_64/accuracy.png, id=53, 708.6475pt x 538.01pt>
File: experiments/default_noaug_64/accuracy.png Graphic file (type png)
<use experiments/default_noaug_64/accuracy.png>
Package pdftex.def Info: experiments/default_noaug_64/accuracy.png  used on input line 280.
(pdftex.def)             Requested size: 220.65291pt x 167.52022pt.

Overfull \hbox (20.06046pt too wide) in paragraph at lines 280--281
 [][] 
 []

<experiments/default_noaug_64/loss.png, id=54, 708.6475pt x 538.01pt>
File: experiments/default_noaug_64/loss.png Graphic file (type png)
<use experiments/default_noaug_64/loss.png>
Package pdftex.def Info: experiments/default_noaug_64/loss.png  used on input line 285.
(pdftex.def)             Requested size: 220.65291pt x 167.52022pt.

Overfull \hbox (20.06046pt too wide) in paragraph at lines 285--286
 [][] 
 []

<experiments/default_noaug_64/confusion_matrix.png, id=55, 571.13374pt x 569.12625pt>
File: experiments/default_noaug_64/confusion_matrix.png Graphic file (type png)
<use experiments/default_noaug_64/confusion_matrix.png>
Package pdftex.def Info: experiments/default_noaug_64/confusion_matrix.png  used on input line 292.
(pdftex.def)             Requested size: 216.0pt x 215.2368pt.
[7 </Users/diogocezar/phd/phd-machine-learning/lab3/report/experiments/default_noaug_64/accuracy.png> </Users/diogocezar/phd/phd-machine-learning/lab3/report/experiments/default_noaug_64/loss.png> </Users/diogocezar/phd/phd-machine-learning/lab3/report/experiments/default_noaug_64/confusion_matrix.png>]
<experiments/default_noaug_128/accuracy.png, id=63, 708.6475pt x 538.01pt>
File: experiments/default_noaug_128/accuracy.png Graphic file (type png)
<use experiments/default_noaug_128/accuracy.png>
Package pdftex.def Info: experiments/default_noaug_128/accuracy.png  used on input line 317.
(pdftex.def)             Requested size: 220.65291pt x 167.52022pt.

Overfull \hbox (20.06046pt too wide) in paragraph at lines 317--318
 [][] 
 []

<experiments/default_noaug_128/loss.png, id=64, 709.65125pt x 538.01pt>
File: experiments/default_noaug_128/loss.png Graphic file (type png)
<use experiments/default_noaug_128/loss.png>
Package pdftex.def Info: experiments/default_noaug_128/loss.png  used on input line 322.
(pdftex.def)             Requested size: 220.65291pt x 167.28214pt.

Overfull \hbox (20.06046pt too wide) in paragraph at lines 322--323
 [][] 
 []

<experiments/default_noaug_128/confusion_matrix.png, id=65, 571.13374pt x 565.11125pt>
File: experiments/default_noaug_128/confusion_matrix.png Graphic file (type png)
<use experiments/default_noaug_128/confusion_matrix.png>
Package pdftex.def Info: experiments/default_noaug_128/confusion_matrix.png  used on input line 329.
(pdftex.def)             Requested size: 216.0pt x 213.71837pt.
[8 </Users/diogocezar/phd/phd-machine-learning/lab3/report/experiments/default_noaug_128/accuracy.png> </Users/diogocezar/phd/phd-machine-learning/lab3/report/experiments/default_noaug_128/loss.png> </Users/diogocezar/phd/phd-machine-learning/lab3/report/experiments/default_noaug_128/confusion_matrix.png>] [9] [10]
<experiments/lenet5_aug_32/accuracy.png, id=78, 708.6475pt x 538.01pt>
File: experiments/lenet5_aug_32/accuracy.png Graphic file (type png)
<use experiments/lenet5_aug_32/accuracy.png>
Package pdftex.def Info: experiments/lenet5_aug_32/accuracy.png  used on input line 426.
(pdftex.def)             Requested size: 220.65291pt x 167.52022pt.

Overfull \hbox (20.06046pt too wide) in paragraph at lines 426--427
 [][] 
 []

<experiments/lenet5_aug_32/loss.png, id=79, 709.65125pt x 538.01pt>
File: experiments/lenet5_aug_32/loss.png Graphic file (type png)
<use experiments/lenet5_aug_32/loss.png>
Package pdftex.def Info: experiments/lenet5_aug_32/loss.png  used on input line 431.
(pdftex.def)             Requested size: 220.65291pt x 167.28214pt.

Overfull \hbox (20.06046pt too wide) in paragraph at lines 431--432
 [][] 
 []

<experiments/lenet5_aug_32/confusion_matrix.png, id=80, 571.13374pt x 565.11125pt>
File: experiments/lenet5_aug_32/confusion_matrix.png Graphic file (type png)
<use experiments/lenet5_aug_32/confusion_matrix.png>
Package pdftex.def Info: experiments/lenet5_aug_32/confusion_matrix.png  used on input line 438.
(pdftex.def)             Requested size: 216.0pt x 213.71837pt.
[11 </Users/diogocezar/phd/phd-machine-learning/lab3/report/experiments/lenet5_aug_32/accuracy.png> </Users/diogocezar/phd/phd-machine-learning/lab3/report/experiments/lenet5_aug_32/loss.png> </Users/diogocezar/phd/phd-machine-learning/lab3/report/experiments/lenet5_aug_32/confusion_matrix.png>]
<experiments/lenet5_aug_64/accuracy.png, id=87, 708.6475pt x 538.01pt>
File: experiments/lenet5_aug_64/accuracy.png Graphic file (type png)
<use experiments/lenet5_aug_64/accuracy.png>
Package pdftex.def Info: experiments/lenet5_aug_64/accuracy.png  used on input line 463.
(pdftex.def)             Requested size: 220.65291pt x 167.52022pt.

Overfull \hbox (20.06046pt too wide) in paragraph at lines 463--464
 [][] 
 []

<experiments/lenet5_aug_64/loss.png, id=88, 715.67375pt x 538.01pt>
File: experiments/lenet5_aug_64/loss.png Graphic file (type png)
<use experiments/lenet5_aug_64/loss.png>
Package pdftex.def Info: experiments/lenet5_aug_64/loss.png  used on input line 468.
(pdftex.def)             Requested size: 220.65291pt x 165.87013pt.

Overfull \hbox (20.06046pt too wide) in paragraph at lines 468--469
 [][] 
 []

<experiments/lenet5_aug_64/confusion_matrix.png, id=89, 571.13374pt x 569.12625pt>
File: experiments/lenet5_aug_64/confusion_matrix.png Graphic file (type png)
<use experiments/lenet5_aug_64/confusion_matrix.png>
Package pdftex.def Info: experiments/lenet5_aug_64/confusion_matrix.png  used on input line 475.
(pdftex.def)             Requested size: 216.0pt x 215.2368pt.
[12 </Users/diogocezar/phd/phd-machine-learning/lab3/report/experiments/lenet5_aug_64/accuracy.png> </Users/diogocezar/phd/phd-machine-learning/lab3/report/experiments/lenet5_aug_64/loss.png> </Users/diogocezar/phd/phd-machine-learning/lab3/report/experiments/lenet5_aug_64/confusion_matrix.png>]
<experiments/lenet5_aug_128/accuracy.png, id=96, 708.6475pt x 538.01pt>
File: experiments/lenet5_aug_128/accuracy.png Graphic file (type png)
<use experiments/lenet5_aug_128/accuracy.png>
Package pdftex.def Info: experiments/lenet5_aug_128/accuracy.png  used on input line 500.
(pdftex.def)             Requested size: 220.65291pt x 167.52022pt.

Overfull \hbox (20.06046pt too wide) in paragraph at lines 500--501
 [][] 
 []

<experiments/lenet5_aug_128/loss.png, id=97, 709.65125pt x 538.01pt>
File: experiments/lenet5_aug_128/loss.png Graphic file (type png)
<use experiments/lenet5_aug_128/loss.png>
Package pdftex.def Info: experiments/lenet5_aug_128/loss.png  used on input line 505.
(pdftex.def)             Requested size: 220.65291pt x 167.28214pt.

Overfull \hbox (20.06046pt too wide) in paragraph at lines 505--506
 [][] 
 []

<experiments/lenet5_aug_128/confusion_matrix.png, id=98, 571.13374pt x 565.11125pt>
File: experiments/lenet5_aug_128/confusion_matrix.png Graphic file (type png)
<use experiments/lenet5_aug_128/confusion_matrix.png>
Package pdftex.def Info: experiments/lenet5_aug_128/confusion_matrix.png  used on input line 512.
(pdftex.def)             Requested size: 216.0pt x 213.71837pt.
[13 </Users/diogocezar/phd/phd-machine-learning/lab3/report/experiments/lenet5_aug_128/accuracy.png> </Users/diogocezar/phd/phd-machine-learning/lab3/report/experiments/lenet5_aug_128/loss.png> </Users/diogocezar/phd/phd-machine-learning/lab3/report/experiments/lenet5_aug_128/confusion_matrix.png>]
<experiments/default_aug_32/accuracy.png, id=106, 708.6475pt x 538.01pt>
File: experiments/default_aug_32/accuracy.png Graphic file (type png)
<use experiments/default_aug_32/accuracy.png>
Package pdftex.def Info: experiments/default_aug_32/accuracy.png  used on input line 541.
(pdftex.def)             Requested size: 220.65291pt x 167.52022pt.

Overfull \hbox (20.06046pt too wide) in paragraph at lines 541--542
 [][] 
 []

<experiments/default_aug_32/loss.png, id=107, 715.67375pt x 538.01pt>
File: experiments/default_aug_32/loss.png Graphic file (type png)
<use experiments/default_aug_32/loss.png>
Package pdftex.def Info: experiments/default_aug_32/loss.png  used on input line 546.
(pdftex.def)             Requested size: 220.65291pt x 165.87013pt.

Overfull \hbox (20.06046pt too wide) in paragraph at lines 546--547
 [][] 
 []

<experiments/default_aug_32/confusion_matrix.png, id=108, 571.13374pt x 565.11125pt>
File: experiments/default_aug_32/confusion_matrix.png Graphic file (type png)
<use experiments/default_aug_32/confusion_matrix.png>
Package pdftex.def Info: experiments/default_aug_32/confusion_matrix.png  used on input line 553.
(pdftex.def)             Requested size: 216.0pt x 213.71837pt.
[14 </Users/diogocezar/phd/phd-machine-learning/lab3/report/experiments/default_aug_32/accuracy.png> </Users/diogocezar/phd/phd-machine-learning/lab3/report/experiments/default_aug_32/loss.png> </Users/diogocezar/phd/phd-machine-learning/lab3/report/experiments/default_aug_32/confusion_matrix.png>]
<experiments/default_aug_64/accuracy.png, id=115, 708.6475pt x 538.01pt>
File: experiments/default_aug_64/accuracy.png Graphic file (type png)
<use experiments/default_aug_64/accuracy.png>
Package pdftex.def Info: experiments/default_aug_64/accuracy.png  used on input line 578.
(pdftex.def)             Requested size: 220.65291pt x 167.52022pt.

Overfull \hbox (20.06046pt too wide) in paragraph at lines 578--579
 [][] 
 []

<experiments/default_aug_64/loss.png, id=116, 708.6475pt x 538.01pt>
File: experiments/default_aug_64/loss.png Graphic file (type png)
<use experiments/default_aug_64/loss.png>
Package pdftex.def Info: experiments/default_aug_64/loss.png  used on input line 583.
(pdftex.def)             Requested size: 220.65291pt x 167.52022pt.

Overfull \hbox (20.06046pt too wide) in paragraph at lines 583--584
 [][] 
 []

<experiments/default_aug_64/confusion_matrix.png, id=117, 571.13374pt x 565.11125pt>
File: experiments/default_aug_64/confusion_matrix.png Graphic file (type png)
<use experiments/default_aug_64/confusion_matrix.png>
Package pdftex.def Info: experiments/default_aug_64/confusion_matrix.png  used on input line 590.
(pdftex.def)             Requested size: 216.0pt x 213.71837pt.
[15 </Users/diogocezar/phd/phd-machine-learning/lab3/report/experiments/default_aug_64/accuracy.png> </Users/diogocezar/phd/phd-machine-learning/lab3/report/experiments/default_aug_64/loss.png> </Users/diogocezar/phd/phd-machine-learning/lab3/report/experiments/default_aug_64/confusion_matrix.png>]
File: experiments/lenet5_aug_128/accuracy.png Graphic file (type png)
<use experiments/lenet5_aug_128/accuracy.png>
Package pdftex.def Info: experiments/lenet5_aug_128/accuracy.png  used on input line 615.
(pdftex.def)             Requested size: 220.65291pt x 167.52022pt.

Overfull \hbox (20.06046pt too wide) in paragraph at lines 615--616
 [][] 
 []

File: experiments/lenet5_aug_128/loss.png Graphic file (type png)
<use experiments/lenet5_aug_128/loss.png>
Package pdftex.def Info: experiments/lenet5_aug_128/loss.png  used on input line 620.
(pdftex.def)             Requested size: 220.65291pt x 167.28214pt.

Overfull \hbox (20.06046pt too wide) in paragraph at lines 620--621
 [][] 
 []

File: experiments/lenet5_aug_128/confusion_matrix.png Graphic file (type png)
<use experiments/lenet5_aug_128/confusion_matrix.png>
Package pdftex.def Info: experiments/lenet5_aug_128/confusion_matrix.png  used on input line 627.
(pdftex.def)             Requested size: 216.0pt x 213.71837pt.
[16] [17] (/Users/diogocezar/phd/phd-machine-learning/lab3/report/report.aux)

LaTeX Warning: There were multiply-defined labels.

 ) 
Here is how much of TeX's memory you used:
 6203 strings out of 492649
 96085 string characters out of 6129621
 308394 words of memory out of 5000000
 9986 multiletter control sequences out of 15000+600000
 19305 words of font info for 42 fonts, out of 8000000 for 9000
 1141 hyphenation exceptions out of 8191
 43i,12n,40p,894b,1598s stack positions out of 5000i,500n,10000p,200000b,80000s
{/usr/local/texlive/2018/texmf-dist/fonts/enc/dvips/base/8r.enc}</usr/local/texlive/2018/texmf-dist/fonts/type1/public/amsfonts/cm/cmr8.pfb></usr/local/texlive/2018/texmf-dist/fonts/type1/urw/courier/ucrr8a.pfb></usr/local/texlive/2018/texmf-dist/fonts/type1/urw/helvetic/uhvb8a.pfb></usr/local/texlive/2018/texmf-dist/fonts/type1/urw/times/utmb8a.pfb></usr/local/texlive/2018/texmf-dist/fonts/type1/urw/times/utmr8a.pfb>
Output written on /Users/diogocezar/phd/phd-machine-learning/lab3/report/report.pdf (17 pages, 963314 bytes).
PDF statistics:
 149 PDF objects out of 1000 (max. 8388607)
 56 compressed objects within 1 object stream
 0 named destinations out of 1000 (max. 500000)
 176 words of extra memory for PDF output out of 10000 (max. 10000000)

